<?xml version="1.0" encoding="UTF-8"?>
<!-- Generated by org.testng.reporters.JUnitXMLReporter -->
<testsuite ignored="0" hostname="NavneetPersonal" failures="0" tests="8" name="FrameworkTests" time="189.582" errors="0" timestamp="2023-01-24T19:28:55 IST">
  <testcase classname="com.Testcases.ContactsPageTest" name="verifyLabel" time="0.071"/>
  <testcase classname="com.Testcases.ContactsPageTest" name="selectContacts" time="5.594"/>
  <testcase classname="com.Testcases.HomePageTest" name="verifyHomePageTitle" time="0.011"/>
  <testcase classname="com.Testcases.HomePageTest" name="verifyUserNameTest" time="0.094"/>
  <testcase classname="com.Testcases.HomePageTest" name="clickContactsBtn" time="5.021"/>
  <testcase classname="com.Testcases.LoginPageTest" name="loginPageTitleTest" time="0.014"/>
  <testcase classname="com.Testcases.LoginPageTest" name="logotest" time="0.073"/>
  <testcase classname="com.Testcases.LoginPageTest" name="loginTest" time="13.592"/>
</testsuite> <!-- FrameworkTests -->
