<?xml version="1.0" encoding="UTF-8"?>
<!-- Generated by org.testng.reporters.JUnitXMLReporter -->
<testsuite ignored="2" hostname="NavneetPersonal" failures="0" tests="1" name="Default test" time="33.01" errors="0" timestamp="2023-01-19T16:32:37 IST">
  <testcase classname="com.Testcases.ContactsPageTest" name="createContactTest" time="8.084"/>
  <testcase classname="com.Testcases.ContactsPageTest" name="selectContacts" time="0.0">
    <ignored/>
  </testcase> <!-- selectContacts -->
  <testcase classname="com.Testcases.ContactsPageTest" name="verifyLabel" time="0.0">
    <ignored/>
  </testcase> <!-- verifyLabel -->
</testsuite> <!-- Default test -->
