<?xml version="1.0" encoding="UTF-8"?>
<testsuite xmlns:xsi="http://www.w3.org/2001/XMLSchema-instance" xsi:noNamespaceSchemaLocation="https://maven.apache.org/surefire/maven-surefire-plugin/xsd/surefire-test-report.xsd" name="TestSuite" time="190.128" tests="8" errors="0" skipped="0" failures="0">
  <properties>
[...]
</properties>
  <testcase name="verifyLabel" classname="com.Testcases.ContactsPageTest" time="0.075"/>
  <testcase name="selectContacts" classname="com.Testcases.ContactsPageTest" time="5.596"/>
  <testcase name="verifyHomePageTitle" classname="com.Testcases.HomePageTest" time="0.011"/>
  <testcase name="verifyUserNameTest" classname="com.Testcases.HomePageTest" time="0.093"/>
  <testcase name="clickContactsBtn" classname="com.Testcases.HomePageTest" time="5.021"/>
  <testcase name="loginPageTitleTest" classname="com.Testcases.LoginPageTest" time="0.014"/>
  <testcase name="logotest" classname="com.Testcases.LoginPageTest" time="0.074"/>
  <testcase name="loginTest" classname="com.Testcases.LoginPageTest" time="13.593"/>
</testsuite>